<?xml version="1.0" encoding="UTF-8"?>
<!-- Generated by org.testng.reporters.JUnitReportReporter -->
<testsuite hostname="SYSR159" failures="0" tests="6" name="SeleniumJavaFramework.ReachHealthTests" time="81.071" errors="0" timestamp="2022-02-01T17:48:28 IST" skipped="0">
  <testcase classname="SeleniumJavaFramework.ReachHealthTests" name="TC04_verifyDashboardPageSections" time="11.019"/>
  <system-out/>
  <testcase classname="SeleniumJavaFramework.ReachHealthTests" name="TC02_loginToReachHealthWithInvalidCredentials" time="11.047"/>
  <system-out/>
  <testcase classname="SeleniumJavaFramework.ReachHealthTests" name="TC01_loginToReachHealthWithValidCredentials" time="16.633"/>
  <system-out/>
  <testcase classname="SeleniumJavaFramework.ReachHealthTests" name="TC06_verifyAssessmentPageSections" time="17.453"/>
  <system-out/>
  <testcase classname="SeleniumJavaFramework.ReachHealthTests" name="TC03_validateAllPageTabs" time="12.584"/>
  <system-out/>
  <testcase classname="SeleniumJavaFramework.ReachHealthTests" name="TC05_viewQuealthReport" time="12.335"/>
  <system-out/>
</testsuite> <!-- SeleniumJavaFramework.ReachHealthTests -->
