<?xml version="1.0" encoding="UTF-8"?>
<!-- Generated by org.testng.reporters.JUnitReportReporter -->
<testsuite hostname="SYSR159" failures="0" tests="1" name="SeleniumJavaFramework.ReachHealthTests" time="14.045" errors="0" timestamp="2022-02-03T17:58:53 IST" skipped="0">
  <testcase classname="SeleniumJavaFramework.ReachHealthTests" name="TC01_loginToReachHealthWithValidCredentials" time="14.045"/>
  <system-out/>
</testsuite> <!-- SeleniumJavaFramework.ReachHealthTests -->
