<?xml version="1.0" encoding="UTF-8"?>
<!-- Generated by org.testng.reporters.JUnitReportReporter -->
<testsuite hostname="SYSR159" failures="0" tests="3" name="SeleniumJavaFramework.ReachHealthTests" time="46.160" errors="0" timestamp="2022-01-04T15:49:51 IST" skipped="0">
  <testcase classname="SeleniumJavaFramework.ReachHealthTests" name="validateAllPageTabs" time="19.743"/>
  <system-out/>
  <testcase classname="SeleniumJavaFramework.ReachHealthTests" name="loginToReachHealthWithInvalidCredentials" time="8.496"/>
  <system-out/>
  <testcase classname="SeleniumJavaFramework.ReachHealthTests" name="loginToReachHealthWithValidCredentials" time="17.921"/>
  <system-out/>
</testsuite> <!-- SeleniumJavaFramework.ReachHealthTests -->
