<?xml version="1.0" encoding="UTF-8"?>
<!-- Generated by org.testng.reporters.JUnitReportReporter -->
<testsuite hostname="SYSR159" failures="0" tests="4" name="SeleniumJavaFramework.ReachHealthTests" time="53.859" errors="0" timestamp="2022-01-25T17:58:35 IST" skipped="0">
  <testcase classname="SeleniumJavaFramework.ReachHealthTests" name="loginToReachHealthWithInvalidCredentials" time="7.072"/>
  <system-out/>
  <testcase classname="SeleniumJavaFramework.ReachHealthTests" name="loginToReachHealthWithValidCredentials" time="12.589"/>
  <system-out/>
  <testcase classname="SeleniumJavaFramework.ReachHealthTests" name="validateAllPageTabs" time="18.156"/>
  <system-out/>
  <testcase classname="SeleniumJavaFramework.ReachHealthTests" name="verifyDashboardPageSections" time="16.042"/>
  <system-out/>
</testsuite> <!-- SeleniumJavaFramework.ReachHealthTests -->
