<?xml version="1.0" encoding="UTF-8"?>
<!-- Generated by org.testng.reporters.JUnitReportReporter -->
<testsuite hostname="SYSR159" failures="0" tests="1" name="SeleniumJavaFramework.ReachHealthTests" time="29.485" errors="0" timestamp="2022-02-14T11:53:47 IST" skipped="0">
  <testcase classname="SeleniumJavaFramework.ReachHealthTests" name="TC13_UpdateQuealthAssessmentWithPoorInputs" time="29.485"/>
  <system-out/>
</testsuite> <!-- SeleniumJavaFramework.ReachHealthTests -->
