<?xml version="1.0" encoding="UTF-8"?>
<!-- Generated by org.testng.reporters.JUnitReportReporter -->
<testsuite hostname="SYSR159" failures="0" tests="20" name="SeleniumJavaFramework.ReachHealthTests" time="444.687" errors="0" timestamp="2022-02-15T17:43:52 IST" skipped="0">
  <testcase classname="SeleniumJavaFramework.ReachHealthTests" name="TC19_UpdateAlcoholAssessmentWithGoodInputs" time="29.389"/>
  <system-out/>
  <testcase classname="SeleniumJavaFramework.ReachHealthTests" name="TC16_UpdateFinancialAssessmentWithGoodInputs" time="33.150"/>
  <system-out/>
  <testcase classname="SeleniumJavaFramework.ReachHealthTests" name="TC06_verifyAssessmentPageSections" time="16.884"/>
  <system-out/>
  <testcase classname="SeleniumJavaFramework.ReachHealthTests" name="TC04_verifyDashboardPageSections" time="20.032"/>
  <system-out/>
  <testcase classname="SeleniumJavaFramework.ReachHealthTests" name="TC02_loginToReachHealthWithInvalidCredentials" time="6.879"/>
  <system-out/>
  <testcase classname="SeleniumJavaFramework.ReachHealthTests" name="TC20_UpdateMentalWellbeingAssessmentWithGoodInputs" time="30.102"/>
  <system-out/>
  <testcase classname="SeleniumJavaFramework.ReachHealthTests" name="TC01_loginToReachHealthWithValidCredentials" time="18.973"/>
  <system-out/>
  <testcase classname="SeleniumJavaFramework.ReachHealthTests" name="TC18_UpdateAnxietyAssessmentWithGoodInputs" time="27.365"/>
  <system-out/>
  <testcase classname="SeleniumJavaFramework.ReachHealthTests" name="TC05_viewQuealthReport" time="17.886"/>
  <system-out/>
  <testcase classname="SeleniumJavaFramework.ReachHealthTests" name="TC12_validateUserAchievements" time="20.026"/>
  <system-out/>
  <testcase classname="SeleniumJavaFramework.ReachHealthTests" name="TC15_UpdateEnergyAssessmentWithGoodInputs" time="31.130"/>
  <system-out/>
  <testcase classname="SeleniumJavaFramework.ReachHealthTests" name="TC08_verifyActivityPageSections" time="16.671"/>
  <system-out/>
  <testcase classname="SeleniumJavaFramework.ReachHealthTests" name="TC10_createAGoal" time="21.217"/>
  <system-out/>
  <testcase classname="SeleniumJavaFramework.ReachHealthTests" name="TC11_validateUserAccountSettings" time="16.817"/>
  <system-out/>
  <testcase classname="SeleniumJavaFramework.ReachHealthTests" name="TC07_verifyGoalsPageSections" time="13.684"/>
  <system-out/>
  <testcase classname="SeleniumJavaFramework.ReachHealthTests" name="TC17_UpdateDepressionAssessmentWithGoodInputs" time="32.808"/>
  <system-out/>
  <testcase classname="SeleniumJavaFramework.ReachHealthTests" name="TC03_validateAllPageTabs" time="19.109"/>
  <system-out/>
  <testcase classname="SeleniumJavaFramework.ReachHealthTests" name="TC13_UpdateQuealthAssessmentWithPoorInputs" time="26.277"/>
  <system-out/>
  <testcase classname="SeleniumJavaFramework.ReachHealthTests" name="TC14_UpdateQuealthAssessmentWithGoodInputs" time="31.353"/>
  <system-out/>
  <testcase classname="SeleniumJavaFramework.ReachHealthTests" name="TC09_verifyResourcesPageSections" time="14.935"/>
  <system-out/>
</testsuite> <!-- SeleniumJavaFramework.ReachHealthTests -->
