<?xml version="1.0" encoding="UTF-8"?>
<!-- Generated by org.testng.reporters.JUnitReportReporter -->
<testsuite hostname="SYSR159" failures="0" tests="3" name="SeleniumJavaFramework.ReachHealthTests" time="43.587" errors="0" timestamp="2022-01-24T15:42:44 IST" skipped="0">
  <testcase classname="SeleniumJavaFramework.ReachHealthTests" name="validateAllPageTabs" time="23.015"/>
  <system-out/>
  <testcase classname="SeleniumJavaFramework.ReachHealthTests" name="loginToReachHealthWithValidCredentials" time="13.459"/>
  <system-out/>
  <testcase classname="SeleniumJavaFramework.ReachHealthTests" name="loginToReachHealthWithInvalidCredentials" time="7.113"/>
  <system-out/>
</testsuite> <!-- SeleniumJavaFramework.ReachHealthTests -->
