<?xml version="1.0" encoding="UTF-8"?>
<!-- Generated by org.testng.reporters.JUnitReportReporter -->
<testsuite hostname="SYSR159" failures="0" tests="1" name="SeleniumJavaFramework.ReachHealthTests" time="28.966" errors="0" timestamp="2022-01-24T17:36:45 IST" skipped="0">
  <testcase classname="SeleniumJavaFramework.ReachHealthTests" name="validateAllPageTabs" time="28.966"/>
  <system-out/>
</testsuite> <!-- SeleniumJavaFramework.ReachHealthTests -->
