<?xml version="1.0" encoding="UTF-8"?>
<!-- Generated by org.testng.reporters.JUnitReportReporter -->
<testsuite hostname="SYSR159" failures="0" tests="3" name="SeleniumJavaFramework.ReachHealthTests" time="38.343" errors="0" timestamp="2022-01-06T17:35:43 IST" skipped="0">
  <testcase classname="SeleniumJavaFramework.ReachHealthTests" name="loginToReachHealthWithValidCredentials" time="17.701"/>
  <system-out/>
  <testcase classname="SeleniumJavaFramework.ReachHealthTests" name="loginToReachHealthWithInvalidCredentials" time="7.035"/>
  <system-out/>
  <testcase classname="SeleniumJavaFramework.ReachHealthTests" name="validateAllPageTabs" time="13.607"/>
  <system-out/>
</testsuite> <!-- SeleniumJavaFramework.ReachHealthTests -->
