<?xml version="1.0" encoding="UTF-8"?>
<!-- Generated by org.testng.reporters.JUnitReportReporter -->
<testsuite skipped="0" hostname="SYSR159" name="SeleniumJavaFramework.ReachHealthTests" tests="2" failures="0" timestamp="2021-12-16T11:29:50 IST" time="30.352" errors="0">
  <testcase name="loginToReachHealthWithValidCredentials" time="22.474" classname="SeleniumJavaFramework.ReachHealthTests"/>
  <system-out/>
  <testcase name="loginToReachHealthWithInvalidCredentials" time="7.878" classname="SeleniumJavaFramework.ReachHealthTests"/>
  <system-out/>
</testsuite> <!-- SeleniumJavaFramework.ReachHealthTests -->
