<?xml version="1.0" encoding="UTF-8"?>
<!-- Generated by org.testng.reporters.JUnitReportReporter -->
<testsuite hostname="SYSR159" failures="0" tests="20" name="SeleniumJavaFramework.ReachHealthTests" time="442.614" errors="0" timestamp="2022-02-13T19:09:01 IST" skipped="0">
  <testcase classname="SeleniumJavaFramework.ReachHealthTests" name="TC12_validateUserAchievements" time="15.124"/>
  <system-out/>
  <testcase classname="SeleniumJavaFramework.ReachHealthTests" name="TC13_UpdateQuealthAssessmentWithPoorInputs" time="28.656"/>
  <system-out/>
  <testcase classname="SeleniumJavaFramework.ReachHealthTests" name="TC16_UpdateFinancialAssessmentWithGoodInputs" time="32.072"/>
  <system-out/>
  <testcase classname="SeleniumJavaFramework.ReachHealthTests" name="TC01_loginToReachHealthWithValidCredentials" time="18.107"/>
  <system-out/>
  <testcase classname="SeleniumJavaFramework.ReachHealthTests" name="TC05_viewQuealthReport" time="19.703"/>
  <system-out/>
  <testcase classname="SeleniumJavaFramework.ReachHealthTests" name="TC09_verifyResourcesPageSections" time="15.504"/>
  <system-out/>
  <testcase classname="SeleniumJavaFramework.ReachHealthTests" name="TC20_UpdateMentalWellbeingAssessmentWithGoodInputs" time="31.250"/>
  <system-out/>
  <testcase classname="SeleniumJavaFramework.ReachHealthTests" name="TC15_UpdateEnergyAssessmentWithGoodInputs" time="32.881"/>
  <system-out/>
  <testcase classname="SeleniumJavaFramework.ReachHealthTests" name="TC04_verifyDashboardPageSections" time="18.391"/>
  <system-out/>
  <testcase classname="SeleniumJavaFramework.ReachHealthTests" name="TC08_verifyActivityPageSections" time="15.760"/>
  <system-out/>
  <testcase classname="SeleniumJavaFramework.ReachHealthTests" name="TC07_verifyGoalsPageSections" time="15.326"/>
  <system-out/>
  <testcase classname="SeleniumJavaFramework.ReachHealthTests" name="TC06_verifyAssessmentPageSections" time="17.890"/>
  <system-out/>
  <testcase classname="SeleniumJavaFramework.ReachHealthTests" name="TC10_createAGoal" time="20.151"/>
  <system-out/>
  <testcase classname="SeleniumJavaFramework.ReachHealthTests" name="TC02_loginToReachHealthWithInvalidCredentials" time="10.200"/>
  <system-out/>
  <testcase classname="SeleniumJavaFramework.ReachHealthTests" name="TC11_validateUserAccountSettings" time="18.319"/>
  <system-out/>
  <testcase classname="SeleniumJavaFramework.ReachHealthTests" name="TC03_validateAllPageTabs" time="19.263"/>
  <system-out/>
  <testcase classname="SeleniumJavaFramework.ReachHealthTests" name="TC17_UpdateDepressionAssessmentWithGoodInputs" time="26.437"/>
  <system-out/>
  <testcase classname="SeleniumJavaFramework.ReachHealthTests" name="TC18_UpdateAnxietyAssessmentWithGoodInputs" time="27.250"/>
  <system-out/>
  <testcase classname="SeleniumJavaFramework.ReachHealthTests" name="TC14_UpdateQuealthAssessmentWithGoodInputs" time="29.386"/>
  <system-out/>
  <testcase classname="SeleniumJavaFramework.ReachHealthTests" name="TC19_UpdateAlcoholAssessmentWithGoodInputs" time="30.944"/>
  <system-out/>
</testsuite> <!-- SeleniumJavaFramework.ReachHealthTests -->
